2026-01-22 09:58:11.360 - DBeaver 25.3.3.202601181752 is starting
2026-01-22 09:58:11.360 - OS: Windows 11 10.0 (amd64)
2026-01-22 09:58:11.360 - Java version: 21.0.8 by Eclipse Adoptium (64bit)
2026-01-22 09:58:11.360 - Install path: 'C:\Users\adminn\AppData\Local\DBeaver'
2026-01-22 09:58:11.360 - Instance path: 'file:/C:/study/2.Database/'
2026-01-22 09:58:11.375 - Memory available 64Mb/1024Mb
2026-01-22 09:58:11.376 - Create display
2026-01-22 09:58:11.461 - Initialize desktop platform...
2026-01-22 09:58:11.560 - BounceCastle bundle found. Use JCE provider BC
> Start Core File Systems [org.eclipse.core.filesystem 1.11.400.v20251107-0507]
> Start Core Resource Management [org.eclipse.core.resources 3.23.100.v20251106-1705]
> Start 팀 지원 핵심 [org.eclipse.team.core 3.10.900.v20251104-0924]
> Start DBeaver UI Navigator [org.jkiss.dbeaver.ui.navigator 1.0.171.202601181752]
> Start JFace 텍스트 [org.eclipse.jface.text 3.29.0.v20251112-0859]
Warning: NLS unused message: WorkbenchPreference_reuseEditorsThreshold in: org.eclipse.ui.internal.messages
Warning: NLS unused message: 이유 in: org.eclipse.ui.internal.messages
2026-01-22 09:58:11.784 - Initialize base platform...
2026-01-22 09:58:11.792 - Platform initialized (331ms)
> Start Equinox Java Authentication and Authorization Service (JAAS) [org.eclipse.equinox.security 1.4.700.v20250622-1644]
> Start 인터넷 연결 관리 사용자 인터페이스 [org.eclipse.ui.net 1.5.500.v20250611-0855]
> Start Internet Connection Management [org.eclipse.core.net 1.5.800.v20250613-1119]
2026-01-22 09:58:11.817 - Proxy service 'org.eclipse.core.net.proxy.IProxyService' loaded
2026-01-22 09:58:11.846 - Starting instance server at http://localhost:51496
2026-01-22 09:58:11.850 - Run workbench
> Start Eclipse IDE UI [org.eclipse.ui.ide 3.22.800.v20251112-0859]
> Start Eclipse e4 작업영역 SWT [org.eclipse.e4.ui.workbench.swt 0.17.1000.v20251023-0611]
> Start Eclipse Application Services [org.eclipse.e4.core.services 2.5.300.v20251112-1253]
> Start Eclipse UI Application Services [org.eclipse.e4.ui.services 1.6.600.v20251023-1358]
> Start Eclipse e4 Progress View [org.eclipse.e4.ui.progress 0.4.900.v20251023-1511]
> Start Eclipse Bindings Support [org.eclipse.e4.ui.bindings 0.14.800.v20250916-0937]
> Start Eclipse e4 core commands [org.eclipse.e4.core.commands 1.1.700.v20250916-0927]
> Start EMF XML/XMI Persistence [org.eclipse.emf.ecore.xmi 2.39.0.v20250910-1205]
> Start Eclipse CSS SWT Theme Support [org.eclipse.e4.ui.css.swt.theme 0.14.600.v20251023-0615]
> Start Eclipse e4 작업영역 기능 추가 [org.eclipse.e4.ui.workbench.addons.swt 1.5.900.v20251007-0832]
> Start Eclipse e4 작업영역 SWT 렌더러 [org.eclipse.e4.ui.workbench.renderers.swt 0.16.1000.v20251114-0005]
> Start Eclipse Dependency Injection Extensions [org.eclipse.e4.core.di.extensions 0.18.300.v20240413-1529]
> Start DBeaver AI Model [org.jkiss.dbeaver.model.ai 2.0.14.202601181752]
> Start DBeaver AI UI [org.jkiss.dbeaver.ui.ai 1.0.73.202601181752]
> Start Eclipse CSS SWT Support [org.eclipse.e4.ui.css.swt 0.15.700.v20251023-1511]
2026-01-22 09:58:12.802 - Configure workbench window
> Start DBeaver SQL Model [org.jkiss.dbeaver.model.sql 1.0.161.202601181752]
2026-01-22 09:58:12.914 - Total database drivers: 127 (127)
> Start 도움말 시스템 코어 [org.eclipse.help 3.10.600.v20250613-0437]
2026-01-22 09:58:12.991 - Create actions
> Start 기본 문서 편집기 [org.eclipse.ui.editors 3.20.200.v20251125-0939]
> Start 텍스트 편집기 프레임워크 [org.eclipse.ui.workbench.texteditor 3.19.400.v20251105-0815]
2026-01-22 09:58:14.007 - Initialize workbench window
2026-01-22 09:58:14.016 - Finish initialization
> Start DBeaver UI Editors - Data [org.jkiss.dbeaver.ui.editors.data 1.0.171.202601181752]
> Start DBeaver UI Editors - SQL [org.jkiss.dbeaver.ui.editors.sql 1.0.171.202601181752]
> Start DBeaver Dashboard UI [org.jkiss.dbeaver.ui.dashboard 1.0.168.202601181752]
> Start GEF Classic Draw2d [org.eclipse.draw2d 3.21.0.202512020742]
> Start GEF Classic GEF (MVC) [org.eclipse.gef 3.24.0.202511201732]
> Start DBeaver ERD UI [org.jkiss.dbeaver.ui.editors.erd 3.1.12.202601181752]
> Start DBeaver ERD Model [org.jkiss.dbeaver.model.erd 1.1.12.202601181752]
> Start DBeaver Sample Database [org.jkiss.dbeaver.ui.config.sample 1.0.208.202601181752]
2026-01-22 09:58:21.816 - Open [https://dbeaver.io/product/version.xml]
Warning: NLS unused message: FindReplace_RegExCheckbox_label in: org.eclipse.ui.texteditor.EditorMessages
Warning: NLS unused message: FindReplace_WrapCheckBox_label in: org.eclipse.ui.texteditor.EditorMessages
Warning: NLS unused message: FindReplace_IncrementalCheckBox_label in: org.eclipse.ui.texteditor.EditorMessages
Warning: NLS unused message: FindReplace_Options in: org.eclipse.ui.texteditor.EditorMessages
Warning: NLS unused message: FindReplace_ReplaceSelectionButton_label in: org.eclipse.ui.texteditor.EditorMessages
Warning: NLS unused message: FindReplace_SelectedRangeRadioButton_label in: org.eclipse.ui.texteditor.EditorMessages
Warning: NLS unused message: FindReplace_SelectAllButton_label in: org.eclipse.ui.texteditor.EditorMessages
Warning: NLS unused message: FindReplace_GlobalRadioButton_label in: org.eclipse.ui.texteditor.EditorMessages
Warning: NLS unused message: FindReplace_WholeWordCheckBox_label in: org.eclipse.ui.texteditor.EditorMessages
Warning: NLS unused message: FindReplace_ReplaceFindButton_label in: org.eclipse.ui.texteditor.EditorMessages
Warning: NLS unused message: FindReplace_BackwardRadioButton_label in: org.eclipse.ui.texteditor.EditorMessages
Warning: NLS unused message: FindReplace_CloseButton_label in: org.eclipse.ui.texteditor.EditorMessages
Warning: NLS unused message: FindReplace_Replace_label in: org.eclipse.ui.texteditor.EditorMessages
Warning: NLS unused message: FindReplace_CaseCheckBox_label in: org.eclipse.ui.texteditor.EditorMessages
Warning: NLS unused message: FindReplace_Status_replacements_label in: org.eclipse.ui.texteditor.EditorMessages
Warning: NLS unused message: FindReplace_title in: org.eclipse.ui.texteditor.EditorMessages
Warning: NLS unused message: FindReplace_Direction in: org.eclipse.ui.texteditor.EditorMessages
Warning: NLS unused message: FindReplace_ReplaceAllButton_label in: org.eclipse.ui.texteditor.EditorMessages
Warning: NLS unused message: FindReplace_Scope in: org.eclipse.ui.texteditor.EditorMessages
Warning: NLS unused message: FindReplace_Find_label in: org.eclipse.ui.texteditor.EditorMessages
Warning: NLS unused message: FindReplace_ForwardRadioButton_label in: org.eclipse.ui.texteditor.EditorMessages
Warning: NLS unused message: FindReplace_FindNextButton_label in: org.eclipse.ui.texteditor.EditorMessages
> Start DBeaver SQL Terminal [org.jkiss.dbeaver.ui.editors.sql.terminal 1.0.147.202601181752]
> Start 핵심 비교 지원 [org.eclipse.compare.core 3.8.800.v20250718-1505]
> Start 콘솔 [org.eclipse.ui.console 3.15.0.v20251113-1013]
> Start 디버그 핵심 [org.eclipse.debug.core 3.23.200.v20251107-0507]
2026-01-22 09:59:21.581 - Delete empty SQL script '\General\Scripts\Script.sql'
2026-01-22 09:59:31.466 - Delete empty SQL script '\General\Scripts\Script.sql'
> Start DBeaver MySQL UI Support [org.jkiss.dbeaver.ext.mysql.ui 1.0.163.202601181752]
> Start DBeaver JDBC Model [org.jkiss.dbeaver.model.jdbc 1.0.64.202601181752]
> Start DBeaver MySQL Support [org.jkiss.dbeaver.ext.mysql 2.1.256.202601181752]
2026-01-22 10:00:01.630 - Service 'org.jkiss.dbeaver.ui.UIServiceConnectionEditor' not found
2026-01-22 10:00:01.662 - Service 'org.jkiss.dbeaver.runtime.ui.UIServiceSecurity' not found
2026-01-22 10:00:13.962 - Open [https://repo1.maven.org/maven2/com/mysql/mysql-connector-j/8.2.0/mysql-connector-j-8.2.0.pom]
2026-01-22 10:00:14.113 - Open [https://repo1.maven.org/maven2/com/google/protobuf/protobuf-java/3.21.9/protobuf-java-3.21.9.pom]
2026-01-22 10:00:14.386 - Open [https://repo1.maven.org/maven2/com/google/protobuf/protobuf-parent/3.21.9/protobuf-parent-3.21.9.pom]
2026-01-22 10:00:14.424 - Open [https://repo1.maven.org/maven2/com/google/protobuf/protobuf-bom/3.21.9/protobuf-bom-3.21.9.pom]
2026-01-22 10:00:15.822 - Open [https://repo1.maven.org/maven2/com/mysql/mysql-connector-j/8.2.0/mysql-connector-j-8.2.0.jar]
2026-01-22 10:00:16.039 - Open [https://repo1.maven.org/maven2/com/google/protobuf/protobuf-java/3.21.9/protobuf-java-3.21.9.jar]
2026-01-22 10:00:50.187 - Connect with 'localhost' (mysql8-19be33728c1-42761ef66d6e181a)
2026-01-22 10:00:50.205 - Execution context opened (localhost; Main; 0)
> Start DBeaver GIS Support [org.jkiss.dbeaver.data.gis 1.0.195.202601181752]
2026-01-22 10:00:50.286 - Execution context opened (localhost; Metadata; 1)
2026-01-22 10:00:50.335 - Connected (mysql8-19be33728c1-42761ef66d6e181a, MySQL Connector/J [mysql-connector-j-8.2.0 (Revision: 06a1f724497fd81c6a659131fda822c9e5085b6c)])
2026-01-22 10:01:21.406 - Execution context opened (localhost; SQLEditor <Script-1.sql>; 2)
> Start DBeaver Tasks - Native Tools UI [org.jkiss.dbeaver.tasks.native.ui 1.0.149.202601181752]
> Start DBeaver Tasks - General UI [org.jkiss.dbeaver.tasks.ui 1.0.149.202601181752]
> Start DBeaver SQL Language Semantic Model [org.jkiss.dbeaver.model.lsm 1.0.66.202601181752]
> Start DBeaver Data Transfer [org.jkiss.dbeaver.data.transfer 2.0.155.202601181752]
2026-01-22 12:06:12.573 - Execution context opened (localhost; SQLEditor <Script-2.sql>; 3)
2026-01-22 12:38:53.978 - Application goes into sleep mode
2026-01-22 12:50:09.700 - Application wakes
2026-01-22 13:05:34.259 - Application goes into sleep mode
2026-01-22 13:10:28.665 - Application wakes
2026-01-22 13:25:56.372 - Application goes into sleep mode
2026-01-22 13:30:30.703 - Application wakes
2026-01-22 13:34:54.616 - Execution context opened (localhost; SQLEditor <Script-3.sql>; 4)
2026-01-22 13:55:29.625 - Table 'employees.member_check' not found in metadata catalog
2026-01-22 14:01:11.955 - Table 'employees.member_default' not found in metadata catalog
2026-01-22 14:01:11.955 - Table 'employees.member_default' not found in metadata catalog
2026-01-22 14:12:34.651 - Table 'employees.member_pk' not found in metadata catalog
2026-01-22 14:12:34.651 - Table 'employees.member_pk' not found in metadata catalog
2026-01-22 14:16:11.288 - Table 'employees.member_pk' not found in metadata catalog
2026-01-22 14:16:11.288 - Table 'employees.member_pk' not found in metadata catalog
2026-01-22 14:16:16.461 - Table 'employees.member_pk' not found in metadata catalog
2026-01-22 14:16:16.461 - Table 'employees.member_pk' not found in metadata catalog
2026-01-22 14:16:17.341 - Table 'employees.member_pk' not found in metadata catalog
2026-01-22 14:16:17.341 - Table 'employees.member_pk' not found in metadata catalog
2026-01-22 14:16:27.241 - Table 'employees.member_pk' not found in metadata catalog
2026-01-22 14:16:27.241 - Table 'employees.member_pk' not found in metadata catalog
2026-01-22 14:16:28.588 - Table 'employees.member_pk' not found in metadata catalog
2026-01-22 14:16:28.588 - Table 'employees.member_pk' not found in metadata catalog
2026-01-22 14:17:05.277 - Table 'employees.member_pk' not found in metadata catalog
2026-01-22 14:17:05.277 - Table 'employees.member_pk' not found in metadata catalog
2026-01-22 14:17:06.510 - Table 'employees.member_pk' not found in metadata catalog
2026-01-22 14:17:06.510 - Table 'employees.member_pk' not found in metadata catalog
2026-01-22 14:17:11.400 - Table 'employees.member_pk' not found in metadata catalog
2026-01-22 14:17:11.401 - Table 'employees.member_pk' not found in metadata catalog
2026-01-22 14:17:46.323 - Table 'employees.member_pk' not found in metadata catalog
2026-01-22 14:17:46.323 - Table 'employees.member_pk' not found in metadata catalog
2026-01-22 14:18:28.387 - Table 'employees.member_pk' not found in metadata catalog
2026-01-22 14:18:28.387 - Table 'employees.member_pk' not found in metadata catalog
2026-01-22 14:18:32.949 - Table 'employees.member_pk' not found in metadata catalog
2026-01-22 14:18:32.949 - Table 'employees.member_pk' not found in metadata catalog
2026-01-22 14:18:36.385 - Table 'employees.member_pk' not found in metadata catalog
2026-01-22 14:18:36.386 - Table 'employees.member_pk' not found in metadata catalog
2026-01-22 14:43:09.849 - Table 'employees.member_primary' not found in metadata catalog
2026-01-22 14:43:09.850 - Table 'employees.member_primary' not found in metadata catalog
2026-01-22 14:45:35.858 - Table 'employees.member_primary' not found in metadata catalog
2026-01-22 14:45:35.858 - Table 'employees.member_primary' not found in metadata catalog
2026-01-22 14:46:02.790 - Table 'employees.board_foregin' not found in metadata catalog
2026-01-22 14:46:02.790 - Table 'employees.board_foregin' not found in metadata catalog
2026-01-22 14:46:02.791 - Table 'employees.board_foregin' not found in metadata catalog
2026-01-22 14:46:41.821 - Table 'employees.member_primary' not found in metadata catalog
2026-01-22 14:46:41.821 - Table 'employees.member_primary' not found in metadata catalog
2026-01-22 14:47:17.130 - Table 'employees.board_foregin' not found in metadata catalog
2026-01-22 14:47:17.130 - Table 'employees.board_foregin' not found in metadata catalog
2026-01-22 14:47:17.130 - Table 'employees.board_foregin' not found in metadata catalog
2026-01-22 14:48:44.593 - Table 'employees.member_primary' not found in metadata catalog
2026-01-22 14:48:44.593 - Table 'employees.member_primary' not found in metadata catalog
2026-01-22 14:51:00.542 - Table 'employees.board_foregin' not found in metadata catalog
2026-01-22 14:51:00.542 - Table 'employees.board_foregin' not found in metadata catalog
2026-01-22 14:51:00.542 - Table 'employees.board_foregin' not found in metadata catalog
2026-01-22 14:52:03.268 - Table 'employees.member_primary' not found in metadata catalog
2026-01-22 14:52:03.269 - Table 'employees.member_primary' not found in metadata catalog
2026-01-22 14:52:08.934 - Table 'employees.board_foregin' not found in metadata catalog
2026-01-22 14:52:08.935 - Table 'employees.board_foregin' not found in metadata catalog
2026-01-22 14:52:08.935 - Table 'employees.board_foregin' not found in metadata catalog
2026-01-22 14:52:30.745 - Table 'employees.board_foregin' not found in metadata catalog
2026-01-22 14:52:30.745 - Table 'employees.board_foregin' not found in metadata catalog
2026-01-22 14:52:30.745 - Table 'employees.board_foregin' not found in metadata catalog
2026-01-22 14:52:38.945 - Table 'employees.board_foregin' not found in metadata catalog
2026-01-22 14:52:38.945 - Table 'employees.board_foregin' not found in metadata catalog
2026-01-22 14:52:38.945 - Table 'employees.board_foregin' not found in metadata catalog
2026-01-22 14:52:45.844 - Table 'employees.board_foregin' not found in metadata catalog
2026-01-22 14:52:45.845 - Table 'employees.board_foregin' not found in metadata catalog
2026-01-22 14:52:45.845 - Table 'employees.board_foregin' not found in metadata catalog
2026-01-22 14:55:26.210 - Table 'employees.member_primary' not found in metadata catalog
2026-01-22 14:55:26.210 - Table 'employees.member_primary' not found in metadata catalog
2026-01-22 14:56:18.938 - Table 'employees.board_foregin' not found in metadata catalog
2026-01-22 14:56:18.938 - Table 'employees.board_foregin' not found in metadata catalog
2026-01-22 14:56:18.938 - Table 'employees.board_foregin' not found in metadata catalog
2026-01-22 14:58:31.734 - Object 'board_foregin' not found in struct cache ()
2026-01-22 14:58:31.735 - Object 'member_unique' not found in struct cache ()
2026-01-22 14:58:31.735 - Object 'member_check' not found in struct cache ()
2026-01-22 14:58:31.735 - Object 'member_default' not found in struct cache ()
2026-01-22 14:58:31.735 - Object 'member_pk' not found in struct cache ()
2026-01-22 14:58:31.735 - Object 'member_primary' not found in struct cache ()
2026-01-22 14:58:31.735 - Object 'board_foregin' not found in struct cache ()
2026-01-22 14:58:31.735 - Object 'member_default' not found in struct cache ()
2026-01-22 14:58:31.735 - Object 'member_primary' not found in struct cache ()
2026-01-22 14:58:31.735 - Object 'member_unique' not found in struct cache ()
2026-01-22 14:58:31.735 - Object 'member_pk' not found in struct cache ()
2026-01-22 14:58:31.735 - Object 'board_foregin' not found in struct cache ()
2026-01-22 14:58:31.737 - Object 'id' owner 'member_unique' not found
2026-01-22 14:58:31.737 - Object 'PRIMARY' owner 'board_foregin' not found
2026-01-22 14:58:31.737 - Object 'PRIMARY' owner 'member_pk' not found
2026-01-22 14:58:31.737 - Object 'PRIMARY' owner 'member_primary' not found
2026-01-22 14:58:31.739 - Object 'member_check_chk_1' owner 'member_check' not found
2026-01-22 14:58:45.040 - Source or target node not found
2026-01-22 14:58:45.040 - Source or target node not found
2026-01-22 14:58:45.040 - Source or target node not found
2026-01-22 14:58:45.040 - Source or target node not found
2026-01-22 14:58:45.040 - Source or target node not found
2026-01-22 14:58:45.040 - Source or target node not found
2026-01-22 15:31:12.208 - Execution context opened (localhost; SQLEditor <Script-4.sql>; 5)
2026-01-22 15:31:12.441 - Source or target node not found
2026-01-22 15:31:12.441 - Source or target node not found
2026-01-22 15:31:12.441 - Source or target node not found
2026-01-22 15:31:12.441 - Source or target node not found
2026-01-22 15:31:12.441 - Source or target node not found
2026-01-22 15:31:12.441 - Source or target node not found
2026-01-22 15:31:12.441 - Source or target node not found
2026-01-22 15:51:08.108 - Execution context opened (localhost; SQLEditor <Script-4.sql>; 6)
2026-01-22 15:51:08.304 - Source or target node not found
2026-01-22 15:51:08.304 - Source or target node not found
2026-01-22 15:51:08.304 - Source or target node not found
2026-01-22 15:51:08.304 - Source or target node not found
2026-01-22 15:51:08.304 - Source or target node not found
2026-01-22 15:51:08.304 - Source or target node not found
2026-01-22 15:51:08.304 - Source or target node not found
2026-01-22 16:45:35.823 - Error while analyzing query text: DELETE FROM salaries wheer
java.lang.UnsupportedOperationException: Symbol entry origin has already been set
	at org.jkiss.dbeaver.model.sql.semantics.SQLQueryLexicalScopeItem.setOrigin(SQLQueryLexicalScopeItem.java:51)
	at org.jkiss.dbeaver.model.sql.semantics.SQLQuerySymbolEntry.setOrigin(SQLQuerySymbolEntry.java:90)
	at org.jkiss.dbeaver.model.sql.semantics.SQLQuerySemanticUtils.setNamePartsDefinition(SQLQuerySemanticUtils.java:158)
	at org.jkiss.dbeaver.model.sql.semantics.SQLQuerySemanticUtils.setNamePartsDefinition(SQLQuerySemanticUtils.java:125)
	at org.jkiss.dbeaver.model.sql.semantics.model.select.SQLQueryRowsTableDataModel.resolveRowSourcesImpl(SQLQueryRowsTableDataModel.java:170)
	at org.jkiss.dbeaver.model.sql.semantics.model.select.SQLQueryRowsSourceModel.resolveRowSources(SQLQueryRowsSourceModel.java:91)
	at org.jkiss.dbeaver.model.sql.semantics.model.select.SQLQueryRowsCorrelatedSourceModel.resolveRowSourcesImpl(SQLQueryRowsCorrelatedSourceModel.java:118)
	at org.jkiss.dbeaver.model.sql.semantics.model.select.SQLQueryRowsSourceModel.resolveRowSources(SQLQueryRowsSourceModel.java:91)
	at org.jkiss.dbeaver.model.sql.semantics.model.dml.SQLQueryDeleteModel.resolveRowsReferencesImpl(SQLQueryDeleteModel.java:91)
	at org.jkiss.dbeaver.model.sql.semantics.model.dml.SQLQueryDMLStatementModel.resolveObjectAndRowsReferences(SQLQueryDMLStatementModel.java:54)
	at org.jkiss.dbeaver.model.sql.semantics.model.SQLQueryModel.resolveRelations(SQLQueryModel.java:72)
	at org.jkiss.dbeaver.model.sql.semantics.SQLQueryModelRecognizer.recognizeQuery(SQLQueryModelRecognizer.java:154)
	at org.jkiss.dbeaver.model.sql.semantics.SQLQueryModelRecognizer.recognizeQuery(SQLQueryModelRecognizer.java:1026)
	at org.jkiss.dbeaver.ui.editors.sql.semantics.SQLBackgroundParsingJob.doWork(SQLBackgroundParsingJob.java:606)
	at org.jkiss.dbeaver.ui.editors.sql.semantics.SQLBackgroundParsingJob$1.run(SQLBackgroundParsingJob.java:86)
	at org.jkiss.dbeaver.model.runtime.AbstractJob.run(AbstractJob.java:110)
	at org.eclipse.core.internal.jobs.Worker.run(Worker.java:63)
2026-01-22 17:33:10.883 - Execution context opened (localhost; SQLEditor <Script-5.sql>; 7)
2026-01-22 17:33:11.119 - Source or target node not found
2026-01-22 17:33:11.121 - Source or target node not found
2026-01-22 17:33:11.121 - Source or target node not found
2026-01-22 17:33:11.121 - Source or target node not found
2026-01-22 17:33:11.121 - Source or target node not found
2026-01-22 17:33:11.121 - Source or target node not found
2026-01-22 17:33:11.121 - Source or target node not found
2026-01-22 18:20:43.097 - Execution context closed (localhost, 2)
2026-01-22 18:20:43.109 - Execution context closed (localhost, 3)
2026-01-22 18:20:43.139 - Execution context closed (localhost, 4)
2026-01-22 18:20:43.189 - Execution context closed (localhost, 5)
2026-01-22 18:20:43.217 - Execution context closed (localhost, 6)
2026-01-22 18:20:43.279 - Execution context closed (localhost, 7)
2026-01-22 18:20:43.379 - Dispose navigator model
2026-01-22 18:20:43.399 - DBeaver is stopping
2026-01-22 18:20:43.402 - Stop instance server
2026-01-22 18:20:44.405 - Instance server has been stopped
2026-01-22 18:20:44.405 - DBeaver shutdown completed
